<?xml version="1.0" encoding="UTF-8"?>
<!-- Generated by org.testng.reporters.JUnitXMLReporter -->
<testsuite ignored="0" hostname="LAPTOP-U922A9UO" failures="0" tests="4" name="Default test" time="0.08" errors="0" timestamp="2024-10-08T09:17:59 MESZ">
  <testcase classname="formsTesting.CircleTest" name="TestCalculateArea" time="0.02"/>
  <testcase classname="formsTesting.CircleTest" name="TestCalculateArea1" time="0.001"/>
  <testcase classname="formsTesting.CircleTest" name="calculateCircumference" time="0.001"/>
  <testcase classname="formsTesting.CircleTest" name="calculateCircumference1" time="0.002"/>
</testsuite> <!-- Default test -->
