<?xml version="1.0" encoding="UTF-8"?>
<testng-results ignored="0" total="4" passed="4" failed="0" skipped="0">
  <reporter-output>
  </reporter-output>
  <suite started-at="2024-10-08T09:17:59 MESZ" name="Default suite" finished-at="2024-10-08T09:17:59 MESZ" duration-ms="80">
    <groups>
    </groups>
    <test started-at="2024-10-08T09:17:59 MESZ" name="Default test" finished-at="2024-10-08T09:17:59 MESZ" duration-ms="80">
      <class name="formsTesting.CircleTest">
        <test-method signature="TestCalculateArea()[pri:0, instance:formsTesting.CircleTest@32b260fa]" started-at="2024-10-08T09:17:59 MESZ" name="TestCalculateArea" finished-at="2024-10-08T09:17:59 MESZ" duration-ms="20" status="PASS">
          <reporter-output>
          </reporter-output>
        </test-method> <!-- TestCalculateArea -->
        <test-method signature="TestCalculateArea1()[pri:0, instance:formsTesting.CircleTest@32b260fa]" started-at="2024-10-08T09:17:59 MESZ" name="TestCalculateArea1" finished-at="2024-10-08T09:17:59 MESZ" duration-ms="1" status="PASS">
          <reporter-output>
          </reporter-output>
        </test-method> <!-- TestCalculateArea1 -->
        <test-method signature="calculateCircumference()[pri:0, instance:formsTesting.CircleTest@32b260fa]" started-at="2024-10-08T09:17:59 MESZ" name="calculateCircumference" finished-at="2024-10-08T09:17:59 MESZ" duration-ms="1" status="PASS">
          <reporter-output>
          </reporter-output>
        </test-method> <!-- calculateCircumference -->
        <test-method signature="calculateCircumference1()[pri:0, instance:formsTesting.CircleTest@32b260fa]" started-at="2024-10-08T09:17:59 MESZ" name="calculateCircumference1" finished-at="2024-10-08T09:17:59 MESZ" duration-ms="2" status="PASS">
          <reporter-output>
          </reporter-output>
        </test-method> <!-- calculateCircumference1 -->
      </class> <!-- formsTesting.CircleTest -->
    </test> <!-- Default test -->
  </suite> <!-- Default suite -->
</testng-results>
