<?xml version="1.0" encoding="UTF-8"?>
<!-- Generated by org.testng.reporters.JUnitReportReporter -->
<testsuite hostname="LAPTOP-U922A9UO" failures="0" tests="4" name="formsTesting.CircleTest" time="0.024" errors="0" timestamp="2024-10-08T09:17:59 MESZ" skipped="0">
  <testcase classname="formsTesting.CircleTest" name="TestCalculateArea1" time="0.001"/>
  <system-out/>
  <testcase classname="formsTesting.CircleTest" name="calculateCircumference1" time="0.002"/>
  <system-out/>
  <testcase classname="formsTesting.CircleTest" name="TestCalculateArea" time="0.020"/>
  <system-out/>
  <testcase classname="formsTesting.CircleTest" name="calculateCircumference" time="0.001"/>
  <system-out/>
</testsuite> <!-- formsTesting.CircleTest -->
